0.000000000000000000e+00 1.523707314791741818e-01
1.000000000000000021e-02 -1.416931789837214128e-01
2.000000000000000042e-02 8.333733192938288514e-01
2.999999999999999889e-02 4.988000575130577263e-01
4.000000000000000083e-02 1.153373429744745104e+00
5.000000000000000278e-02 8.193703076510487904e-01
5.999999999999999778e-02 3.090977761766875997e-01
7.000000000000000666e-02 5.529127847382643290e-01
8.000000000000000167e-02 7.529107596176292105e-01
8.999999999999999667e-02 2.848245033897958134e-01
1.000000000000000056e-01 9.162193086244754259e-01
1.100000000000000006e-01 3.629689754489833220e-01
1.199999999999999956e-01 9.285931694010475246e-01
1.300000000000000044e-01 1.885374153517480611e-01
1.400000000000000133e-01 1.250924051108445401e+00
1.499999999999999944e-01 9.525934503688253674e-01
1.600000000000000033e-01 4.278711291334302280e-01
1.700000000000000122e-01 1.731256098366836582e+00
1.799999999999999933e-01 1.463135894453027941e+00
1.900000000000000022e-01 7.074548412704461109e-01
2.000000000000000111e-01 1.610316625239187394e+00
2.099999999999999922e-01 1.309551804720198831e+00
2.200000000000000011e-01 1.055449846261601987e+00
2.300000000000000100e-01 1.230696586852962460e+00
2.399999999999999911e-01 1.456388536989769111e+00
2.500000000000000000e-01 8.871680995800282910e-01
2.600000000000000089e-01 1.456278383284881572e+00
2.700000000000000178e-01 5.096649114650184664e-01
2.800000000000000266e-01 1.052100116109580874e+00
2.899999999999999800e-01 7.297743856447242994e-01
2.999999999999999889e-01 9.185233442545670535e-01
3.099999999999999978e-01 5.955607642325715378e-01
3.200000000000000067e-01 8.284806733798283362e-01
3.300000000000000155e-01 8.855410203418263571e-01
3.400000000000000244e-01 1.669636955025709968e+00
3.500000000000000333e-01 6.749932305521488818e-01
3.599999999999999867e-01 9.029523426913300677e-01
3.699999999999999956e-01 8.592840963862399262e-01
3.800000000000000044e-01 5.372565729331126860e-01
3.900000000000000133e-01 7.659993543769290092e-01
4.000000000000000222e-01 -3.050847627968523712e-01
4.100000000000000311e-01 -7.222571575391220078e-01
4.199999999999999845e-01 1.438120947991295528e+00
4.299999999999999933e-01 2.639843053154040664e-01
4.400000000000000022e-01 3.282203989464055893e-01
4.500000000000000111e-01 5.497985608521327450e-03
4.600000000000000200e-01 5.275976582246711954e-01
4.700000000000000289e-01 -6.198776181938351337e-01
